<?xml version="1.0" encoding="UTF-8"?>
<!-- Generated by org.testng.reporters.JUnitXMLReporter -->
<testsuite hostname="Naveen-Mac.local" ignored="0" name="Hub Spot Functional Regression Test2" tests="3" failures="1" timestamp="30 Jan 2020 07:33:51 GMT" time="11.49" errors="0">
  <testcase name="verifyHomePageTitleTest" time="0.021" classname="sample.HomePageTest">
    <failure type="java.lang.AssertionError" message="expected [Reports dashboard] but found [HubSpot Login]">
      <![CDATA[java.lang.AssertionError: expected [Reports dashboard] but found [HubSpot Login]
	at sample.HomePageTest.verifyHomePageTitleTest(HomePageTest.java:22)
... Removed 31 stack frames]]>
    </failure>
  </testcase> <!-- verifyHomePageTitleTest -->
  <testcase name="verifyHomePageHeaderTest" time="3.843" classname="sample.HomePageTest"/>
  <testcase name="verifyLoggedInUserTest" time="0.058" classname="sample.HomePageTest"/>
</testsuite> <!-- Hub Spot Functional Regression Test2 -->
