<?xml version="1.0" encoding="UTF-8"?>
<testng-results skipped="0" failed="1" ignored="5" total="7" passed="1">
  <reporter-output>
  </reporter-output>
  <suite name="Hub Spot Regression Suite" duration-ms="56930" started-at="2020-02-11T09:30:57Z" finished-at="2020-02-11T09:31:54Z">
    <groups>
      <group name="sanity">
        <method signature="HomePageTest.verifyHomePageTitleTest()[pri:1, instance:com.qa.hubspot.tests.HomePageTest@50fe837a]" name="verifyHomePageTitleTest" class="com.qa.hubspot.tests.HomePageTest"/>
        <method signature="LoginPageTest.verifySignUpLinkTest()[pri:2, instance:com.qa.hubspot.tests.LoginPageTest@3c435123]" name="verifySignUpLinkTest" class="com.qa.hubspot.tests.LoginPageTest"/>
      </group> <!-- sanity -->
    </groups>
    <test name="Hub Spot Functional Regression Test" duration-ms="56930" started-at="2020-02-11T09:30:57Z" finished-at="2020-02-11T09:31:54Z">
      <class name="com.qa.hubspot.tests.LoginPageTest">
        <test-method status="PASS" signature="setUp()[pri:0, instance:com.qa.hubspot.tests.LoginPageTest@3c435123]" name="setUp" is-config="true" duration-ms="1695" started-at="2020-02-11T09:31:46Z" finished-at="2020-02-11T09:31:48Z">
          <reporter-output>
          </reporter-output>
        </test-method> <!-- setUp -->
        <test-method status="PASS" signature="verifySignUpLinkTest()[pri:2, instance:com.qa.hubspot.tests.LoginPageTest@3c435123]" name="verifySignUpLinkTest" duration-ms="5954" started-at="2020-02-11T09:31:48Z" finished-at="2020-02-11T09:31:54Z">
          <reporter-output>
          </reporter-output>
        </test-method> <!-- verifySignUpLinkTest -->
        <test-method status="PASS" signature="tearDown()[pri:0, instance:com.qa.hubspot.tests.LoginPageTest@3c435123]" name="tearDown" is-config="true" duration-ms="92" started-at="2020-02-11T09:31:54Z" finished-at="2020-02-11T09:31:54Z">
          <reporter-output>
          </reporter-output>
        </test-method> <!-- tearDown -->
      </class> <!-- com.qa.hubspot.tests.LoginPageTest -->
      <class name="com.qa.hubspot.tests.HomePageTest">
        <test-method status="PASS" signature="setUp()[pri:0, instance:com.qa.hubspot.tests.HomePageTest@50fe837a]" name="setUp" is-config="true" duration-ms="13506" started-at="2020-02-11T09:31:07Z" finished-at="2020-02-11T09:31:21Z">
          <reporter-output>
          </reporter-output>
        </test-method> <!-- setUp -->
        <test-method status="FAIL" signature="verifyHomePageTitleTest()[pri:1, instance:com.qa.hubspot.tests.HomePageTest@50fe837a]" name="verifyHomePageTitleTest" duration-ms="25366" started-at="2020-02-11T09:31:21Z" finished-at="2020-02-11T09:31:46Z">
          <exception class="org.openqa.selenium.TimeoutException">
            <message>
              <![CDATA[Expected condition failed: waiting for title to be "Reports dashboard". Current title: "HubSpot Login" (tried for 20 second(s) with 500 milliseconds interval)
Build info: version: '3.141.59', revision: 'e82be7d358', time: '2018-11-14T08:17:03'
System info: host: 'Naveen-Mac.local', ip: 'fe80:0:0:0:ca1:c605:f384:534c%en0', os.name: 'Mac OS X', os.arch: 'x86_64', os.version: '10.14.5', java.version: '1.8.0_144'
Driver info: org.openqa.selenium.chrome.ChromeDriver
Capabilities {acceptInsecureCerts: false, browserName: chrome, browserVersion: 80.0.3987.87, chrome: {chromedriverVersion: 80.0.3987.16 (320f6526c1632..., userDataDir: /var/folders/fd/lw5s91x96f9...}, goog:chromeOptions: {debuggerAddress: localhost:63380}, javascriptEnabled: true, networkConnectionEnabled: false, pageLoadStrategy: normal, platform: MAC, platformName: MAC, proxy: Proxy(), setWindowRect: true, strictFileInteractability: false, timeouts: {implicit: 0, pageLoad: 300000, script: 30000}, unhandledPromptBehavior: dismiss and notify}
Session ID: aec2701b9ceebb2542409ba30a9e2d05]]>
            </message>
            <full-stacktrace>
              <![CDATA[org.openqa.selenium.TimeoutException: Expected condition failed: waiting for title to be "Reports dashboard". Current title: "HubSpot Login" (tried for 20 second(s) with 500 milliseconds interval)
Build info: version: '3.141.59', revision: 'e82be7d358', time: '2018-11-14T08:17:03'
System info: host: 'Naveen-Mac.local', ip: 'fe80:0:0:0:ca1:c605:f384:534c%en0', os.name: 'Mac OS X', os.arch: 'x86_64', os.version: '10.14.5', java.version: '1.8.0_144'
Driver info: org.openqa.selenium.chrome.ChromeDriver
Capabilities {acceptInsecureCerts: false, browserName: chrome, browserVersion: 80.0.3987.87, chrome: {chromedriverVersion: 80.0.3987.16 (320f6526c1632..., userDataDir: /var/folders/fd/lw5s91x96f9...}, goog:chromeOptions: {debuggerAddress: localhost:63380}, javascriptEnabled: true, networkConnectionEnabled: false, pageLoadStrategy: normal, platform: MAC, platformName: MAC, proxy: Proxy(), setWindowRect: true, strictFileInteractability: false, timeouts: {implicit: 0, pageLoad: 300000, script: 30000}, unhandledPromptBehavior: dismiss and notify}
Session ID: aec2701b9ceebb2542409ba30a9e2d05
at org.openqa.selenium.support.ui.WebDriverWait.timeoutException(WebDriverWait.java:95)
at org.openqa.selenium.support.ui.FluentWait.until(FluentWait.java:272)
at com.qa.hubspot.util.ElementUtil.waitForTitlePresent(ElementUtil.java:29)
at com.qa.hubspot.page.HomePage.getHomePageTitle(HomePage.java:27)
at com.qa.hubspot.tests.HomePageTest.verifyHomePageTitleTest(HomePageTest.java:50)
at sun.reflect.NativeMethodAccessorImpl.invoke0(Native Method)
at sun.reflect.NativeMethodAccessorImpl.invoke(NativeMethodAccessorImpl.java:62)
at sun.reflect.DelegatingMethodAccessorImpl.invoke(DelegatingMethodAccessorImpl.java:43)
at java.lang.reflect.Method.invoke(Method.java:498)
at org.testng.internal.MethodInvocationHelper.invokeMethod(MethodInvocationHelper.java:124)
at org.testng.internal.Invoker.invokeMethod(Invoker.java:583)
at org.testng.internal.Invoker.invokeTestMethod(Invoker.java:719)
at org.testng.internal.Invoker.invokeTestMethods(Invoker.java:989)
at org.testng.internal.TestMethodWorker.invokeTestMethods(TestMethodWorker.java:125)
at org.testng.internal.TestMethodWorker.run(TestMethodWorker.java:109)
at org.testng.TestRunner.privateRun(TestRunner.java:648)
at org.testng.TestRunner.run(TestRunner.java:505)
at org.testng.SuiteRunner.runTest(SuiteRunner.java:455)
at org.testng.SuiteRunner.runSequentially(SuiteRunner.java:450)
at org.testng.SuiteRunner.privateRun(SuiteRunner.java:415)
at org.testng.SuiteRunner.run(SuiteRunner.java:364)
at org.testng.SuiteRunnerWorker.runSuite(SuiteRunnerWorker.java:52)
at org.testng.SuiteRunnerWorker.run(SuiteRunnerWorker.java:84)
at org.testng.TestNG.runSuitesSequentially(TestNG.java:1208)
at org.testng.TestNG.runSuitesLocally(TestNG.java:1137)
at org.testng.TestNG.runSuites(TestNG.java:1049)
at org.testng.TestNG.run(TestNG.java:1017)
at org.apache.maven.surefire.testng.TestNGExecutor.run(TestNGExecutor.java:283)
at org.apache.maven.surefire.testng.TestNGXmlTestSuite.execute(TestNGXmlTestSuite.java:75)
at org.apache.maven.surefire.testng.TestNGProvider.invoke(TestNGProvider.java:120)
at org.apache.maven.surefire.booter.ForkedBooter.invokeProviderInSameClassLoader(ForkedBooter.java:386)
at org.apache.maven.surefire.booter.ForkedBooter.runSuitesInProcess(ForkedBooter.java:323)
at org.apache.maven.surefire.booter.ForkedBooter.main(ForkedBooter.java:143)
]]>
            </full-stacktrace>
          </exception> <!-- org.openqa.selenium.TimeoutException -->
          <reporter-output>
          </reporter-output>
        </test-method> <!-- verifyHomePageTitleTest -->
        <test-method status="PASS" signature="tearDown()[pri:0, instance:com.qa.hubspot.tests.HomePageTest@50fe837a]" name="tearDown" is-config="true" duration-ms="79" started-at="2020-02-11T09:31:46Z" finished-at="2020-02-11T09:31:46Z">
          <reporter-output>
          </reporter-output>
        </test-method> <!-- tearDown -->
      </class> <!-- com.qa.hubspot.tests.HomePageTest -->
    </test> <!-- Hub Spot Functional Regression Test -->
  </suite> <!-- Hub Spot Regression Suite -->
</testng-results>
