<?xml version="1.0" encoding="UTF-8"?>
<testng-results skipped="2" failed="4" ignored="2" total="14" passed="6">
  <reporter-output>
  </reporter-output>
  <suite name="Hub Spot Regression Suite" duration-ms="164733" started-at="2020-02-13T11:40:23Z" finished-at="2020-02-13T11:43:07Z">
    <groups>
      <group name="sanity">
        <method signature="HomePageTest.verifyHomePageTitleTest()[pri:1, instance:com.qa.hubspot.tests.HomePageTest@68ace111]" name="verifyHomePageTitleTest" class="com.qa.hubspot.tests.HomePageTest"/>
        <method signature="LoginPageTest.verifySignUpLinkTest()[pri:2, instance:com.qa.hubspot.tests.LoginPageTest@584f5497]" name="verifySignUpLinkTest" class="com.qa.hubspot.tests.LoginPageTest"/>
        <method signature="HomePageTest.verifyHomePageTitleTest()[pri:1, instance:com.qa.hubspot.tests.HomePageTest@5aa6202e]" name="verifyHomePageTitleTest" class="com.qa.hubspot.tests.HomePageTest"/>
        <method signature="LoginPageTest.verifySignUpLinkTest()[pri:2, instance:com.qa.hubspot.tests.LoginPageTest@13cda7c9]" name="verifySignUpLinkTest" class="com.qa.hubspot.tests.LoginPageTest"/>
      </group> <!-- sanity -->
    </groups>
    <test name="Hub Spot Functional Regression Test - FF" duration-ms="78384" started-at="2020-02-13T11:40:23Z" finished-at="2020-02-13T11:41:41Z">
      <class name="com.qa.hubspot.tests.LoginPageTest">
        <test-method status="PASS" signature="setUp(java.lang.String)[pri:0, instance:com.qa.hubspot.tests.LoginPageTest@584f5497]" name="setUp" is-config="true" duration-ms="5432" started-at="2020-02-13T17:10:33Z" finished-at="2020-02-13T17:10:38Z">
          <params>
            <param index="0">
              <value>
                <![CDATA[firefox]]>
              </value>
            </param>
          </params>
          <reporter-output>
          </reporter-output>
        </test-method> <!-- setUp -->
        <test-method status="PASS" signature="verifyLoginPageTitleTest()[pri:1, instance:com.qa.hubspot.tests.LoginPageTest@584f5497]" name="verifyLoginPageTitleTest" duration-ms="5039" started-at="2020-02-13T17:10:38Z" description="verify login page title test.....!!!" finished-at="2020-02-13T17:10:43Z">
          <reporter-output>
          </reporter-output>
        </test-method> <!-- verifyLoginPageTitleTest -->
        <test-method status="PASS" signature="tearDown()[pri:0, instance:com.qa.hubspot.tests.LoginPageTest@584f5497]" name="tearDown" is-config="true" duration-ms="2715" started-at="2020-02-13T17:10:43Z" finished-at="2020-02-13T17:10:46Z">
          <reporter-output>
          </reporter-output>
        </test-method> <!-- tearDown -->
        <test-method status="PASS" signature="setUp(java.lang.String)[pri:0, instance:com.qa.hubspot.tests.LoginPageTest@584f5497]" name="setUp" is-config="true" duration-ms="5776" started-at="2020-02-13T17:10:46Z" finished-at="2020-02-13T17:10:52Z">
          <params>
            <param index="0">
              <value>
                <![CDATA[firefox]]>
              </value>
            </param>
          </params>
          <reporter-output>
          </reporter-output>
        </test-method> <!-- setUp -->
        <test-method status="PASS" signature="loginTest()[pri:3, instance:com.qa.hubspot.tests.LoginPageTest@584f5497]" name="loginTest" duration-ms="14513" started-at="2020-02-13T17:10:52Z" finished-at="2020-02-13T17:11:06Z">
          <reporter-output>
          </reporter-output>
        </test-method> <!-- loginTest -->
        <test-method status="PASS" signature="tearDown()[pri:0, instance:com.qa.hubspot.tests.LoginPageTest@584f5497]" name="tearDown" is-config="true" duration-ms="2640" started-at="2020-02-13T17:11:06Z" finished-at="2020-02-13T17:11:09Z">
          <reporter-output>
          </reporter-output>
        </test-method> <!-- tearDown -->
        <test-method status="PASS" signature="setUp(java.lang.String)[pri:0, instance:com.qa.hubspot.tests.LoginPageTest@584f5497]" name="setUp" is-config="true" duration-ms="3811" started-at="2020-02-13T17:11:09Z" finished-at="2020-02-13T17:11:13Z">
          <params>
            <param index="0">
              <value>
                <![CDATA[firefox]]>
              </value>
            </param>
          </params>
          <reporter-output>
          </reporter-output>
        </test-method> <!-- setUp -->
        <test-method status="FAIL" signature="verifySignUpLinkTest()[pri:2, instance:com.qa.hubspot.tests.LoginPageTest@584f5497]" name="verifySignUpLinkTest" duration-ms="25368" started-at="2020-02-13T17:11:13Z" finished-at="2020-02-13T17:11:38Z">
          <exception class="org.openqa.selenium.TimeoutException">
            <message>
              <![CDATA[Expected condition failed: waiting for presence of element located by: By.linkText: Sign up11111 (tried for 20 second(s) with 500 milliseconds interval)]]>
            </message>
            <full-stacktrace>
              <![CDATA[org.openqa.selenium.TimeoutException: Expected condition failed: waiting for presence of element located by: By.linkText: Sign up11111 (tried for 20 second(s) with 500 milliseconds interval)
	at org.openqa.selenium.support.ui.WebDriverWait.timeoutException(WebDriverWait.java:95)
	at org.openqa.selenium.support.ui.FluentWait.until(FluentWait.java:272)
	at com.qa.hubspot.util.ElementUtil.waitForElementPresent(ElementUtil.java:34)
	at com.qa.hubspot.page.LoginPage.checkSignUpLink(LoginPage.java:42)
	at com.qa.hubspot.tests.LoginPageTest.verifySignUpLinkTest(LoginPageTest.java:69)
	at sun.reflect.NativeMethodAccessorImpl.invoke0(Native Method)
	at sun.reflect.NativeMethodAccessorImpl.invoke(NativeMethodAccessorImpl.java:62)
	at sun.reflect.DelegatingMethodAccessorImpl.invoke(DelegatingMethodAccessorImpl.java:43)
	at java.lang.reflect.Method.invoke(Method.java:498)
	at org.testng.internal.MethodInvocationHelper.invokeMethod(MethodInvocationHelper.java:104)
	at org.testng.internal.Invoker.invokeMethod(Invoker.java:645)
	at org.testng.internal.Invoker.invokeTestMethod(Invoker.java:851)
	at org.testng.internal.Invoker.invokeTestMethods(Invoker.java:1177)
	at org.testng.internal.TestMethodWorker.invokeTestMethods(TestMethodWorker.java:129)
	at org.testng.internal.TestMethodWorker.run(TestMethodWorker.java:112)
	at java.util.concurrent.ThreadPoolExecutor.runWorker(ThreadPoolExecutor.java:1149)
	at java.util.concurrent.ThreadPoolExecutor$Worker.run(ThreadPoolExecutor.java:624)
	at java.lang.Thread.run(Thread.java:748)
Caused by: org.openqa.selenium.NoSuchElementException: Unable to locate element: Sign up11111
For documentation on this error, please visit: https://www.seleniumhq.org/exceptions/no_such_element.html
Build info: version: '3.141.59', revision: 'e82be7d358', time: '2018-11-14T08:17:03'
System info: host: 'Naveen-Mac.local', ip: 'fe80:0:0:0:ca1:c605:f384:534c%en0', os.name: 'Mac OS X', os.arch: 'x86_64', os.version: '10.14.5', java.version: '1.8.0_144'
Driver info: org.openqa.selenium.firefox.FirefoxDriver
Capabilities {acceptInsecureCerts: true, browserName: firefox, browserVersion: 70.0.1, javascriptEnabled: true, moz:accessibilityChecks: false, moz:buildID: 20191030021342, moz:geckodriverVersion: 0.26.0, moz:headless: false, moz:processID: 71745, moz:profile: /var/folders/fd/lw5s91x96f9..., moz:shutdownTimeout: 60000, moz:useNonSpecCompliantPointerOrigin: false, moz:webdriverClick: true, pageLoadStrategy: normal, platform: MAC, platformName: MAC, platformVersion: 18.6.0, rotatable: false, setWindowRect: true, strictFileInteractability: false, timeouts: {implicit: 0, pageLoad: 300000, script: 30000}, unhandledPromptBehavior: dismiss and notify}
Session ID: 64a80659-c163-9c49-9a21-5902434b07e7
*** Element info: {Using=link text, value=Sign up11111}
	at sun.reflect.GeneratedConstructorAccessor22.newInstance(Unknown Source)
	at sun.reflect.DelegatingConstructorAccessorImpl.newInstance(DelegatingConstructorAccessorImpl.java:45)
	at java.lang.reflect.Constructor.newInstance(Constructor.java:423)
	at org.openqa.selenium.remote.http.W3CHttpResponseCodec.createException(W3CHttpResponseCodec.java:187)
	at org.openqa.selenium.remote.http.W3CHttpResponseCodec.decode(W3CHttpResponseCodec.java:122)
	at org.openqa.selenium.remote.http.W3CHttpResponseCodec.decode(W3CHttpResponseCodec.java:49)
	at org.openqa.selenium.remote.HttpCommandExecutor.execute(HttpCommandExecutor.java:158)
	at org.openqa.selenium.remote.service.DriverCommandExecutor.execute(DriverCommandExecutor.java:83)
	at org.openqa.selenium.remote.RemoteWebDriver.execute(RemoteWebDriver.java:552)
	at org.openqa.selenium.remote.RemoteWebDriver.findElement(RemoteWebDriver.java:323)
	at org.openqa.selenium.remote.RemoteWebDriver.findElementByLinkText(RemoteWebDriver.java:380)
	at org.openqa.selenium.By$ByLinkText.findElement(By.java:220)
	at org.openqa.selenium.remote.RemoteWebDriver.findElement(RemoteWebDriver.java:315)
	at org.openqa.selenium.support.ui.ExpectedConditions$6.apply(ExpectedConditions.java:182)
	at org.openqa.selenium.support.ui.ExpectedConditions$6.apply(ExpectedConditions.java:179)
	at org.openqa.selenium.support.ui.FluentWait.until(FluentWait.java:249)
	... 16 more
]]>
            </full-stacktrace>
          </exception> <!-- org.openqa.selenium.TimeoutException -->
          <reporter-output>
          </reporter-output>
        </test-method> <!-- verifySignUpLinkTest -->
        <test-method status="PASS" signature="tearDown()[pri:0, instance:com.qa.hubspot.tests.LoginPageTest@584f5497]" name="tearDown" is-config="true" duration-ms="2641" started-at="2020-02-13T17:11:38Z" finished-at="2020-02-13T17:11:41Z">
          <reporter-output>
          </reporter-output>
        </test-method> <!-- tearDown -->
      </class> <!-- com.qa.hubspot.tests.LoginPageTest -->
      <class name="com.qa.hubspot.tests.HomePageTest">
        <test-method status="PASS" signature="setUp()[pri:0, instance:com.qa.hubspot.tests.HomePageTest@68ace111]" name="setUp" is-config="true" duration-ms="10705" started-at="2020-02-13T17:10:33Z" finished-at="2020-02-13T17:10:44Z">
          <reporter-output>
          </reporter-output>
        </test-method> <!-- setUp -->
        <test-method status="PASS" signature="verifyHomePageTitleTest()[pri:1, instance:com.qa.hubspot.tests.HomePageTest@68ace111]" name="verifyHomePageTitleTest" duration-ms="5431" started-at="2020-02-13T17:10:44Z" finished-at="2020-02-13T17:10:49Z">
          <reporter-output>
          </reporter-output>
        </test-method> <!-- verifyHomePageTitleTest -->
        <test-method status="FAIL" signature="setUp()[pri:0, instance:com.qa.hubspot.tests.HomePageTest@68ace111]" name="setUp" is-config="true" duration-ms="0" started-at="2020-02-13T17:10:46Z" finished-at="2020-02-13T17:10:46Z">
          <exception class="org.openqa.selenium.NoSuchSessionException">
            <message>
              <![CDATA[Session ID is null. Using WebDriver after calling quit()?
Build info: version: '3.141.59', revision: 'e82be7d358', time: '2018-11-14T08:17:03'
System info: host: 'Naveen-Mac.local', ip: 'fe80:0:0:0:ca1:c605:f384:534c%en0', os.name: 'Mac OS X', os.arch: 'x86_64', os.version: '10.14.5', java.version: '1.8.0_144'
Driver info: driver.version: RemoteWebDriver]]>
            </message>
            <full-stacktrace>
              <![CDATA[org.openqa.selenium.NoSuchSessionException: Session ID is null. Using WebDriver after calling quit()?
Build info: version: '3.141.59', revision: 'e82be7d358', time: '2018-11-14T08:17:03'
System info: host: 'Naveen-Mac.local', ip: 'fe80:0:0:0:ca1:c605:f384:534c%en0', os.name: 'Mac OS X', os.arch: 'x86_64', os.version: '10.14.5', java.version: '1.8.0_144'
Driver info: driver.version: RemoteWebDriver
	at org.openqa.selenium.remote.HttpCommandExecutor.execute(HttpCommandExecutor.java:125)
	at org.openqa.selenium.remote.service.DriverCommandExecutor.execute(DriverCommandExecutor.java:83)
	at org.openqa.selenium.remote.RemoteWebDriver.execute(RemoteWebDriver.java:552)
	at org.openqa.selenium.remote.RemoteWebDriver.findElement(RemoteWebDriver.java:323)
	at org.openqa.selenium.remote.RemoteWebDriver.findElementById(RemoteWebDriver.java:372)
	at org.openqa.selenium.By$ById.findElement(By.java:188)
	at org.openqa.selenium.remote.RemoteWebDriver.findElement(RemoteWebDriver.java:315)
	at org.openqa.selenium.support.ui.ExpectedConditions$6.apply(ExpectedConditions.java:182)
	at org.openqa.selenium.support.ui.ExpectedConditions$6.apply(ExpectedConditions.java:179)
	at org.openqa.selenium.support.ui.FluentWait.until(FluentWait.java:249)
	at com.qa.hubspot.util.ElementUtil.waitForElementPresent(ElementUtil.java:34)
	at com.qa.hubspot.page.LoginPage.doLogin(LoginPage.java:47)
	at com.qa.hubspot.tests.HomePageTest.setUp(HomePageTest.java:43)
	at sun.reflect.NativeMethodAccessorImpl.invoke0(Native Method)
	at sun.reflect.NativeMethodAccessorImpl.invoke(NativeMethodAccessorImpl.java:62)
	at sun.reflect.DelegatingMethodAccessorImpl.invoke(DelegatingMethodAccessorImpl.java:43)
	at java.lang.reflect.Method.invoke(Method.java:498)
	at org.testng.internal.MethodInvocationHelper.invokeMethod(MethodInvocationHelper.java:104)
	at org.testng.internal.Invoker.invokeConfigurationMethod(Invoker.java:515)
	at org.testng.internal.Invoker.invokeConfigurations(Invoker.java:217)
	at org.testng.internal.Invoker.invokeMethod(Invoker.java:590)
	at org.testng.internal.Invoker.invokeTestMethod(Invoker.java:851)
	at org.testng.internal.Invoker.invokeTestMethods(Invoker.java:1177)
	at org.testng.internal.TestMethodWorker.invokeTestMethods(TestMethodWorker.java:129)
	at org.testng.internal.TestMethodWorker.run(TestMethodWorker.java:112)
	at java.util.concurrent.ThreadPoolExecutor.runWorker(ThreadPoolExecutor.java:1149)
	at java.util.concurrent.ThreadPoolExecutor$Worker.run(ThreadPoolExecutor.java:624)
	at java.lang.Thread.run(Thread.java:748)
]]>
            </full-stacktrace>
          </exception> <!-- org.openqa.selenium.NoSuchSessionException -->
          <reporter-output>
          </reporter-output>
        </test-method> <!-- setUp -->
        <test-method status="PASS" signature="tearDown()[pri:0, instance:com.qa.hubspot.tests.HomePageTest@68ace111]" name="tearDown" is-config="true" duration-ms="136" started-at="2020-02-13T17:10:49Z" finished-at="2020-02-13T17:10:49Z">
          <reporter-output>
          </reporter-output>
        </test-method> <!-- tearDown -->
        <test-method status="SKIP" signature="verifyHomePageHeaderTest()[pri:2, instance:com.qa.hubspot.tests.HomePageTest@68ace111]" name="verifyHomePageHeaderTest" duration-ms="10006" started-at="2020-02-13T17:10:54Z" finished-at="2020-02-13T17:11:04Z">
          <exception class="org.openqa.selenium.NoSuchSessionException">
            <message>
              <![CDATA[Session ID is null. Using WebDriver after calling quit()?
Build info: version: '3.141.59', revision: 'e82be7d358', time: '2018-11-14T08:17:03'
System info: host: 'Naveen-Mac.local', ip: 'fe80:0:0:0:ca1:c605:f384:534c%en0', os.name: 'Mac OS X', os.arch: 'x86_64', os.version: '10.14.5', java.version: '1.8.0_144'
Driver info: driver.version: RemoteWebDriver]]>
            </message>
            <full-stacktrace>
              <![CDATA[org.openqa.selenium.NoSuchSessionException: Session ID is null. Using WebDriver after calling quit()?
Build info: version: '3.141.59', revision: 'e82be7d358', time: '2018-11-14T08:17:03'
System info: host: 'Naveen-Mac.local', ip: 'fe80:0:0:0:ca1:c605:f384:534c%en0', os.name: 'Mac OS X', os.arch: 'x86_64', os.version: '10.14.5', java.version: '1.8.0_144'
Driver info: driver.version: RemoteWebDriver
	at org.openqa.selenium.remote.HttpCommandExecutor.execute(HttpCommandExecutor.java:125)
	at org.openqa.selenium.remote.service.DriverCommandExecutor.execute(DriverCommandExecutor.java:83)
	at org.openqa.selenium.remote.RemoteWebDriver.execute(RemoteWebDriver.java:552)
	at org.openqa.selenium.remote.RemoteWebDriver.findElement(RemoteWebDriver.java:323)
	at org.openqa.selenium.remote.RemoteWebDriver.findElementById(RemoteWebDriver.java:372)
	at org.openqa.selenium.By$ById.findElement(By.java:188)
	at org.openqa.selenium.remote.RemoteWebDriver.findElement(RemoteWebDriver.java:315)
	at org.openqa.selenium.support.ui.ExpectedConditions$6.apply(ExpectedConditions.java:182)
	at org.openqa.selenium.support.ui.ExpectedConditions$6.apply(ExpectedConditions.java:179)
	at org.openqa.selenium.support.ui.FluentWait.until(FluentWait.java:249)
	at com.qa.hubspot.util.ElementUtil.waitForElementPresent(ElementUtil.java:34)
	at com.qa.hubspot.page.LoginPage.doLogin(LoginPage.java:47)
	at com.qa.hubspot.tests.HomePageTest.setUp(HomePageTest.java:43)
	at sun.reflect.NativeMethodAccessorImpl.invoke0(Native Method)
	at sun.reflect.NativeMethodAccessorImpl.invoke(NativeMethodAccessorImpl.java:62)
	at sun.reflect.DelegatingMethodAccessorImpl.invoke(DelegatingMethodAccessorImpl.java:43)
	at java.lang.reflect.Method.invoke(Method.java:498)
	at org.testng.internal.MethodInvocationHelper.invokeMethod(MethodInvocationHelper.java:104)
	at org.testng.internal.Invoker.invokeConfigurationMethod(Invoker.java:515)
	at org.testng.internal.Invoker.invokeConfigurations(Invoker.java:217)
	at org.testng.internal.Invoker.invokeMethod(Invoker.java:590)
	at org.testng.internal.Invoker.invokeTestMethod(Invoker.java:851)
	at org.testng.internal.Invoker.invokeTestMethods(Invoker.java:1177)
	at org.testng.internal.TestMethodWorker.invokeTestMethods(TestMethodWorker.java:129)
	at org.testng.internal.TestMethodWorker.run(TestMethodWorker.java:112)
	at java.util.concurrent.ThreadPoolExecutor.runWorker(ThreadPoolExecutor.java:1149)
	at java.util.concurrent.ThreadPoolExecutor$Worker.run(ThreadPoolExecutor.java:624)
	at java.lang.Thread.run(Thread.java:748)
]]>
            </full-stacktrace>
          </exception> <!-- org.openqa.selenium.NoSuchSessionException -->
          <reporter-output>
          </reporter-output>
        </test-method> <!-- verifyHomePageHeaderTest -->
        <test-method status="PASS" signature="tearDown()[pri:0, instance:com.qa.hubspot.tests.HomePageTest@68ace111]" name="tearDown" is-config="true" duration-ms="1" started-at="2020-02-13T17:11:04Z" finished-at="2020-02-13T17:11:04Z">
          <reporter-output>
          </reporter-output>
        </test-method> <!-- tearDown -->
        <test-method status="PASS" signature="setUp()[pri:0, instance:com.qa.hubspot.tests.HomePageTest@68ace111]" name="setUp" is-config="true" duration-ms="14431" started-at="2020-02-13T17:11:04Z" finished-at="2020-02-13T17:11:19Z">
          <reporter-output>
          </reporter-output>
        </test-method> <!-- setUp -->
        <test-method status="SKIP" signature="verifyLoggedInUserTest()[pri:3, instance:com.qa.hubspot.tests.HomePageTest@68ace111]" name="verifyLoggedInUserTest" duration-ms="5006" started-at="2020-02-13T17:11:19Z" finished-at="2020-02-13T17:11:24Z">
          <exception class="org.openqa.selenium.NoSuchSessionException">
            <message>
              <![CDATA[Session ID is null. Using WebDriver after calling quit()?
Build info: version: '3.141.59', revision: 'e82be7d358', time: '2018-11-14T08:17:03'
System info: host: 'Naveen-Mac.local', ip: 'fe80:0:0:0:ca1:c605:f384:534c%en0', os.name: 'Mac OS X', os.arch: 'x86_64', os.version: '10.14.5', java.version: '1.8.0_144'
Driver info: driver.version: RemoteWebDriver]]>
            </message>
            <full-stacktrace>
              <![CDATA[org.openqa.selenium.NoSuchSessionException: Session ID is null. Using WebDriver after calling quit()?
Build info: version: '3.141.59', revision: 'e82be7d358', time: '2018-11-14T08:17:03'
System info: host: 'Naveen-Mac.local', ip: 'fe80:0:0:0:ca1:c605:f384:534c%en0', os.name: 'Mac OS X', os.arch: 'x86_64', os.version: '10.14.5', java.version: '1.8.0_144'
Driver info: driver.version: RemoteWebDriver
	at org.openqa.selenium.remote.HttpCommandExecutor.execute(HttpCommandExecutor.java:125)
	at org.openqa.selenium.remote.service.DriverCommandExecutor.execute(DriverCommandExecutor.java:83)
	at org.openqa.selenium.remote.RemoteWebDriver.execute(RemoteWebDriver.java:552)
	at org.openqa.selenium.remote.RemoteWebDriver.findElement(RemoteWebDriver.java:323)
	at org.openqa.selenium.remote.RemoteWebDriver.findElementById(RemoteWebDriver.java:372)
	at org.openqa.selenium.By$ById.findElement(By.java:188)
	at org.openqa.selenium.remote.RemoteWebDriver.findElement(RemoteWebDriver.java:315)
	at org.openqa.selenium.support.ui.ExpectedConditions$6.apply(ExpectedConditions.java:182)
	at org.openqa.selenium.support.ui.ExpectedConditions$6.apply(ExpectedConditions.java:179)
	at org.openqa.selenium.support.ui.FluentWait.until(FluentWait.java:249)
	at com.qa.hubspot.util.ElementUtil.waitForElementPresent(ElementUtil.java:34)
	at com.qa.hubspot.page.LoginPage.doLogin(LoginPage.java:47)
	at com.qa.hubspot.tests.HomePageTest.setUp(HomePageTest.java:43)
	at sun.reflect.NativeMethodAccessorImpl.invoke0(Native Method)
	at sun.reflect.NativeMethodAccessorImpl.invoke(NativeMethodAccessorImpl.java:62)
	at sun.reflect.DelegatingMethodAccessorImpl.invoke(DelegatingMethodAccessorImpl.java:43)
	at java.lang.reflect.Method.invoke(Method.java:498)
	at org.testng.internal.MethodInvocationHelper.invokeMethod(MethodInvocationHelper.java:104)
	at org.testng.internal.Invoker.invokeConfigurationMethod(Invoker.java:515)
	at org.testng.internal.Invoker.invokeConfigurations(Invoker.java:217)
	at org.testng.internal.Invoker.invokeMethod(Invoker.java:590)
	at org.testng.internal.Invoker.invokeTestMethod(Invoker.java:851)
	at org.testng.internal.Invoker.invokeTestMethods(Invoker.java:1177)
	at org.testng.internal.TestMethodWorker.invokeTestMethods(TestMethodWorker.java:129)
	at org.testng.internal.TestMethodWorker.run(TestMethodWorker.java:112)
	at java.util.concurrent.ThreadPoolExecutor.runWorker(ThreadPoolExecutor.java:1149)
	at java.util.concurrent.ThreadPoolExecutor$Worker.run(ThreadPoolExecutor.java:624)
	at java.lang.Thread.run(Thread.java:748)
]]>
            </full-stacktrace>
          </exception> <!-- org.openqa.selenium.NoSuchSessionException -->
          <reporter-output>
          </reporter-output>
        </test-method> <!-- verifyLoggedInUserTest -->
        <test-method status="PASS" signature="tearDown()[pri:0, instance:com.qa.hubspot.tests.HomePageTest@68ace111]" name="tearDown" is-config="true" duration-ms="81" started-at="2020-02-13T17:11:25Z" finished-at="2020-02-13T17:11:25Z">
          <reporter-output>
          </reporter-output>
        </test-method> <!-- tearDown -->
      </class> <!-- com.qa.hubspot.tests.HomePageTest -->
    </test> <!-- Hub Spot Functional Regression Test - FF -->
    <test name="Hub Spot Functional Regression Test - chrome" duration-ms="80940" started-at="2020-02-13T11:41:46Z" finished-at="2020-02-13T11:43:07Z">
      <class name="com.qa.hubspot.tests.LoginPageTest">
        <test-method status="PASS" signature="setUp(java.lang.String)[pri:0, instance:com.qa.hubspot.tests.LoginPageTest@13cda7c9]" name="setUp" is-config="true" duration-ms="2520" started-at="2020-02-13T17:11:51Z" finished-at="2020-02-13T17:11:54Z">
          <params>
            <param index="0">
              <value>
                <![CDATA[chrome]]>
              </value>
            </param>
          </params>
          <reporter-output>
          </reporter-output>
        </test-method> <!-- setUp -->
        <test-method status="PASS" signature="verifyLoginPageTitleTest()[pri:1, instance:com.qa.hubspot.tests.LoginPageTest@13cda7c9]" name="verifyLoginPageTitleTest" duration-ms="7516" started-at="2020-02-13T17:11:54Z" description="verify login page title test.....!!!" finished-at="2020-02-13T17:12:01Z">
          <reporter-output>
          </reporter-output>
        </test-method> <!-- verifyLoginPageTitleTest -->
        <test-method status="PASS" signature="tearDown()[pri:0, instance:com.qa.hubspot.tests.LoginPageTest@13cda7c9]" name="tearDown" is-config="true" duration-ms="83" started-at="2020-02-13T17:12:01Z" finished-at="2020-02-13T17:12:02Z">
          <reporter-output>
          </reporter-output>
        </test-method> <!-- tearDown -->
        <test-method status="PASS" signature="setUp(java.lang.String)[pri:0, instance:com.qa.hubspot.tests.LoginPageTest@13cda7c9]" name="setUp" is-config="true" duration-ms="2618" started-at="2020-02-13T17:12:02Z" finished-at="2020-02-13T17:12:04Z">
          <params>
            <param index="0">
              <value>
                <![CDATA[chrome]]>
              </value>
            </param>
          </params>
          <reporter-output>
          </reporter-output>
        </test-method> <!-- setUp -->
        <test-method status="FAIL" signature="loginTest()[pri:3, instance:com.qa.hubspot.tests.LoginPageTest@13cda7c9]" name="loginTest" duration-ms="34132" started-at="2020-02-13T17:12:04Z" finished-at="2020-02-13T17:12:38Z">
          <exception class="java.lang.AssertionError">
            <message>
              <![CDATA[expected [crmpro] but found [null]]]>
            </message>
            <full-stacktrace>
              <![CDATA[java.lang.AssertionError: expected [crmpro] but found [null]
	at org.testng.Assert.fail(Assert.java:94)
	at org.testng.Assert.failNotEquals(Assert.java:513)
	at org.testng.Assert.assertEqualsImpl(Assert.java:130)
	at org.testng.Assert.assertEquals(Assert.java:116)
	at org.testng.Assert.assertEquals(Assert.java:190)
	at org.testng.Assert.assertEquals(Assert.java:200)
	at com.qa.hubspot.tests.LoginPageTest.loginTest(LoginPageTest.java:78)
	at sun.reflect.NativeMethodAccessorImpl.invoke0(Native Method)
	at sun.reflect.NativeMethodAccessorImpl.invoke(NativeMethodAccessorImpl.java:62)
	at sun.reflect.DelegatingMethodAccessorImpl.invoke(DelegatingMethodAccessorImpl.java:43)
	at java.lang.reflect.Method.invoke(Method.java:498)
	at org.testng.internal.MethodInvocationHelper.invokeMethod(MethodInvocationHelper.java:104)
	at org.testng.internal.Invoker.invokeMethod(Invoker.java:645)
	at org.testng.internal.Invoker.invokeTestMethod(Invoker.java:851)
	at org.testng.internal.Invoker.invokeTestMethods(Invoker.java:1177)
	at org.testng.internal.TestMethodWorker.invokeTestMethods(TestMethodWorker.java:129)
	at org.testng.internal.TestMethodWorker.run(TestMethodWorker.java:112)
	at java.util.concurrent.ThreadPoolExecutor.runWorker(ThreadPoolExecutor.java:1149)
	at java.util.concurrent.ThreadPoolExecutor$Worker.run(ThreadPoolExecutor.java:624)
	at java.lang.Thread.run(Thread.java:748)
]]>
            </full-stacktrace>
          </exception> <!-- java.lang.AssertionError -->
          <reporter-output>
          </reporter-output>
        </test-method> <!-- loginTest -->
        <test-method status="PASS" signature="tearDown()[pri:0, instance:com.qa.hubspot.tests.LoginPageTest@13cda7c9]" name="tearDown" is-config="true" duration-ms="87" started-at="2020-02-13T17:12:39Z" finished-at="2020-02-13T17:12:39Z">
          <reporter-output>
          </reporter-output>
        </test-method> <!-- tearDown -->
        <test-method status="PASS" signature="setUp(java.lang.String)[pri:0, instance:com.qa.hubspot.tests.LoginPageTest@13cda7c9]" name="setUp" is-config="true" duration-ms="1916" started-at="2020-02-13T17:12:39Z" finished-at="2020-02-13T17:12:41Z">
          <params>
            <param index="0">
              <value>
                <![CDATA[chrome]]>
              </value>
            </param>
          </params>
          <reporter-output>
          </reporter-output>
        </test-method> <!-- setUp -->
        <test-method status="FAIL" signature="verifySignUpLinkTest()[pri:2, instance:com.qa.hubspot.tests.LoginPageTest@13cda7c9]" name="verifySignUpLinkTest" duration-ms="25259" started-at="2020-02-13T17:12:41Z" finished-at="2020-02-13T17:13:06Z">
          <exception class="org.openqa.selenium.TimeoutException">
            <message>
              <![CDATA[Expected condition failed: waiting for presence of element located by: By.linkText: Sign up11111 (tried for 20 second(s) with 500 milliseconds interval)]]>
            </message>
            <full-stacktrace>
              <![CDATA[org.openqa.selenium.TimeoutException: Expected condition failed: waiting for presence of element located by: By.linkText: Sign up11111 (tried for 20 second(s) with 500 milliseconds interval)
	at org.openqa.selenium.support.ui.WebDriverWait.timeoutException(WebDriverWait.java:95)
	at org.openqa.selenium.support.ui.FluentWait.until(FluentWait.java:272)
	at com.qa.hubspot.util.ElementUtil.waitForElementPresent(ElementUtil.java:34)
	at com.qa.hubspot.page.LoginPage.checkSignUpLink(LoginPage.java:42)
	at com.qa.hubspot.tests.LoginPageTest.verifySignUpLinkTest(LoginPageTest.java:69)
	at sun.reflect.NativeMethodAccessorImpl.invoke0(Native Method)
	at sun.reflect.NativeMethodAccessorImpl.invoke(NativeMethodAccessorImpl.java:62)
	at sun.reflect.DelegatingMethodAccessorImpl.invoke(DelegatingMethodAccessorImpl.java:43)
	at java.lang.reflect.Method.invoke(Method.java:498)
	at org.testng.internal.MethodInvocationHelper.invokeMethod(MethodInvocationHelper.java:104)
	at org.testng.internal.Invoker.invokeMethod(Invoker.java:645)
	at org.testng.internal.Invoker.invokeTestMethod(Invoker.java:851)
	at org.testng.internal.Invoker.invokeTestMethods(Invoker.java:1177)
	at org.testng.internal.TestMethodWorker.invokeTestMethods(TestMethodWorker.java:129)
	at org.testng.internal.TestMethodWorker.run(TestMethodWorker.java:112)
	at java.util.concurrent.ThreadPoolExecutor.runWorker(ThreadPoolExecutor.java:1149)
	at java.util.concurrent.ThreadPoolExecutor$Worker.run(ThreadPoolExecutor.java:624)
	at java.lang.Thread.run(Thread.java:748)
Caused by: org.openqa.selenium.NoSuchElementException: no such element: Unable to locate element: {"method":"link text","selector":"Sign up11111"}
  (Session info: chrome=80.0.3987.100)
For documentation on this error, please visit: https://www.seleniumhq.org/exceptions/no_such_element.html
Build info: version: '3.141.59', revision: 'e82be7d358', time: '2018-11-14T08:17:03'
System info: host: 'Naveen-Mac.local', ip: 'fe80:0:0:0:ca1:c605:f384:534c%en0', os.name: 'Mac OS X', os.arch: 'x86_64', os.version: '10.14.5', java.version: '1.8.0_144'
Driver info: org.openqa.selenium.chrome.ChromeDriver
Capabilities {acceptInsecureCerts: false, browserName: chrome, browserVersion: 80.0.3987.100, chrome: {chromedriverVersion: 80.0.3987.16 (320f6526c1632..., userDataDir: /var/folders/fd/lw5s91x96f9...}, goog:chromeOptions: {debuggerAddress: localhost:52304}, javascriptEnabled: true, networkConnectionEnabled: false, pageLoadStrategy: normal, platform: MAC, platformName: MAC, proxy: Proxy(), setWindowRect: true, strictFileInteractability: false, timeouts: {implicit: 0, pageLoad: 300000, script: 30000}, unhandledPromptBehavior: dismiss and notify}
Session ID: 418357508f0b35f0061fd097909cc99b
*** Element info: {Using=link text, value=Sign up11111}
	at sun.reflect.GeneratedConstructorAccessor22.newInstance(Unknown Source)
	at sun.reflect.DelegatingConstructorAccessorImpl.newInstance(DelegatingConstructorAccessorImpl.java:45)
	at java.lang.reflect.Constructor.newInstance(Constructor.java:423)
	at org.openqa.selenium.remote.http.W3CHttpResponseCodec.createException(W3CHttpResponseCodec.java:187)
	at org.openqa.selenium.remote.http.W3CHttpResponseCodec.decode(W3CHttpResponseCodec.java:122)
	at org.openqa.selenium.remote.http.W3CHttpResponseCodec.decode(W3CHttpResponseCodec.java:49)
	at org.openqa.selenium.remote.HttpCommandExecutor.execute(HttpCommandExecutor.java:158)
	at org.openqa.selenium.remote.service.DriverCommandExecutor.execute(DriverCommandExecutor.java:83)
	at org.openqa.selenium.remote.RemoteWebDriver.execute(RemoteWebDriver.java:552)
	at org.openqa.selenium.remote.RemoteWebDriver.findElement(RemoteWebDriver.java:323)
	at org.openqa.selenium.remote.RemoteWebDriver.findElementByLinkText(RemoteWebDriver.java:380)
	at org.openqa.selenium.By$ByLinkText.findElement(By.java:220)
	at org.openqa.selenium.remote.RemoteWebDriver.findElement(RemoteWebDriver.java:315)
	at org.openqa.selenium.support.ui.ExpectedConditions$6.apply(ExpectedConditions.java:182)
	at org.openqa.selenium.support.ui.ExpectedConditions$6.apply(ExpectedConditions.java:179)
	at org.openqa.selenium.support.ui.FluentWait.until(FluentWait.java:249)
	... 16 more
]]>
            </full-stacktrace>
          </exception> <!-- org.openqa.selenium.TimeoutException -->
          <reporter-output>
          </reporter-output>
        </test-method> <!-- verifySignUpLinkTest -->
        <test-method status="PASS" signature="tearDown()[pri:0, instance:com.qa.hubspot.tests.LoginPageTest@13cda7c9]" name="tearDown" is-config="true" duration-ms="87" started-at="2020-02-13T17:13:07Z" finished-at="2020-02-13T17:13:07Z">
          <reporter-output>
          </reporter-output>
        </test-method> <!-- tearDown -->
      </class> <!-- com.qa.hubspot.tests.LoginPageTest -->
      <class name="com.qa.hubspot.tests.HomePageTest">
        <test-method status="PASS" signature="setUp()[pri:0, instance:com.qa.hubspot.tests.HomePageTest@5aa6202e]" name="setUp" is-config="true" duration-ms="17072" started-at="2020-02-13T17:11:51Z" finished-at="2020-02-13T17:12:08Z">
          <reporter-output>
          </reporter-output>
        </test-method> <!-- setUp -->
        <test-method status="PASS" signature="setUp()[pri:0, instance:com.qa.hubspot.tests.HomePageTest@5aa6202e]" name="setUp" is-config="true" duration-ms="10288" started-at="2020-02-13T17:12:02Z" finished-at="2020-02-13T17:12:12Z">
          <reporter-output>
          </reporter-output>
        </test-method> <!-- setUp -->
        <test-method status="PASS" signature="verifyHomePageTitleTest()[pri:1, instance:com.qa.hubspot.tests.HomePageTest@5aa6202e]" name="verifyHomePageTitleTest" duration-ms="5989" started-at="2020-02-13T17:12:08Z" finished-at="2020-02-13T17:12:14Z">
          <reporter-output>
          </reporter-output>
        </test-method> <!-- verifyHomePageTitleTest -->
        <test-method status="FAIL" signature="verifyHomePageHeaderTest()[pri:2, instance:com.qa.hubspot.tests.HomePageTest@5aa6202e]" name="verifyHomePageHeaderTest" duration-ms="7350" started-at="2020-02-13T17:12:12Z" finished-at="2020-02-13T17:12:19Z">
          <exception class="java.lang.AssertionError">
            <message>
              <![CDATA[expected [Sales Dashboard] but found [null]]]>
            </message>
            <full-stacktrace>
              <![CDATA[java.lang.AssertionError: expected [Sales Dashboard] but found [null]
	at org.testng.Assert.fail(Assert.java:94)
	at org.testng.Assert.failNotEquals(Assert.java:513)
	at org.testng.Assert.assertEqualsImpl(Assert.java:130)
	at org.testng.Assert.assertEquals(Assert.java:116)
	at org.testng.Assert.assertEquals(Assert.java:190)
	at org.testng.Assert.assertEquals(Assert.java:200)
	at com.qa.hubspot.tests.HomePageTest.verifyHomePageHeaderTest(HomePageTest.java:61)
	at sun.reflect.NativeMethodAccessorImpl.invoke0(Native Method)
	at sun.reflect.NativeMethodAccessorImpl.invoke(NativeMethodAccessorImpl.java:62)
	at sun.reflect.DelegatingMethodAccessorImpl.invoke(DelegatingMethodAccessorImpl.java:43)
	at java.lang.reflect.Method.invoke(Method.java:498)
	at org.testng.internal.MethodInvocationHelper.invokeMethod(MethodInvocationHelper.java:104)
	at org.testng.internal.Invoker.invokeMethod(Invoker.java:645)
	at org.testng.internal.Invoker.invokeTestMethod(Invoker.java:851)
	at org.testng.internal.Invoker.invokeTestMethods(Invoker.java:1177)
	at org.testng.internal.TestMethodWorker.invokeTestMethods(TestMethodWorker.java:129)
	at org.testng.internal.TestMethodWorker.run(TestMethodWorker.java:112)
	at java.util.concurrent.ThreadPoolExecutor.runWorker(ThreadPoolExecutor.java:1149)
	at java.util.concurrent.ThreadPoolExecutor$Worker.run(ThreadPoolExecutor.java:624)
	at java.lang.Thread.run(Thread.java:748)
]]>
            </full-stacktrace>
          </exception> <!-- java.lang.AssertionError -->
          <reporter-output>
          </reporter-output>
        </test-method> <!-- verifyHomePageHeaderTest -->
        <test-method status="PASS" signature="tearDown()[pri:0, instance:com.qa.hubspot.tests.HomePageTest@5aa6202e]" name="tearDown" is-config="true" duration-ms="98" started-at="2020-02-13T17:12:14Z" finished-at="2020-02-13T17:12:15Z">
          <reporter-output>
          </reporter-output>
        </test-method> <!-- tearDown -->
        <test-method status="PASS" signature="tearDown()[pri:0, instance:com.qa.hubspot.tests.HomePageTest@5aa6202e]" name="tearDown" is-config="true" duration-ms="0" started-at="2020-02-13T17:12:19Z" finished-at="2020-02-13T17:12:19Z">
          <reporter-output>
          </reporter-output>
        </test-method> <!-- tearDown -->
        <test-method status="PASS" signature="setUp()[pri:0, instance:com.qa.hubspot.tests.HomePageTest@5aa6202e]" name="setUp" is-config="true" duration-ms="9309" started-at="2020-02-13T17:12:19Z" finished-at="2020-02-13T17:12:28Z">
          <reporter-output>
          </reporter-output>
        </test-method> <!-- setUp -->
        <test-method status="PASS" signature="verifyLoggedInUserTest()[pri:3, instance:com.qa.hubspot.tests.HomePageTest@5aa6202e]" name="verifyLoggedInUserTest" duration-ms="6099" started-at="2020-02-13T17:12:28Z" finished-at="2020-02-13T17:12:35Z">
          <reporter-output>
          </reporter-output>
        </test-method> <!-- verifyLoggedInUserTest -->
        <test-method status="PASS" signature="tearDown()[pri:0, instance:com.qa.hubspot.tests.HomePageTest@5aa6202e]" name="tearDown" is-config="true" duration-ms="139" started-at="2020-02-13T17:12:35Z" finished-at="2020-02-13T17:12:35Z">
          <reporter-output>
          </reporter-output>
        </test-method> <!-- tearDown -->
      </class> <!-- com.qa.hubspot.tests.HomePageTest -->
    </test> <!-- Hub Spot Functional Regression Test - chrome -->
  </suite> <!-- Hub Spot Regression Suite -->
</testng-results>
